2015-05-22 08:49:13,471 INFO  [Log] **************************************************************************************** 
2015-05-22 08:49:13,471 INFO  [Log] $$$$$$$$$$$$$$$$$$$$$                 EtiamWorldTesting       $$$$$$$$$$$$$$$$$$$$$$$$$ 
2015-05-22 08:49:13,471 INFO  [Log] **************************************************************************************** 
2015-05-22 08:49:13,471 INFO  [Log] Loading config properties file 
2015-05-22 08:49:13,471 INFO  [Log] New driver instantiated 
2015-05-22 08:49:24,222 INFO  [Log] Launching Browser 
2015-05-22 08:49:24,222 INFO  [Log] Opening URL 
2015-05-22 08:49:28,590 INFO  [Log] Maximizing Browser 
2015-05-22 08:49:29,541 INFO  [Log] --------------test_DownloadPDF START------------------ 
2015-05-22 08:49:29,541 INFO  [Log] test_DownloadPDF: DownloadPDF 
2015-05-22 08:49:29,713 INFO  [Log] test_DownloadPDF: Working Fine 
2015-05-22 08:49:30,243 INFO  [Log] --------------test_DownloadPDF DONE------------------ 
2015-05-22 08:49:30,243 INFO  [Log] --------------test_ExitCourseButton START------------------ 
2015-05-22 08:49:30,243 INFO  [Log] test_ExitCourseButton: Test Close button 
2015-05-22 08:49:32,312 INFO  [Log] test_ExitCourseButton: Close working Fine 
2015-05-22 08:49:32,312 INFO  [Log] --------------test_ExitCourseButton DONE------------------ 
2015-05-22 08:49:32,313 INFO  [Log] --------------test_GlossaryLink START------------------ 
2015-05-22 08:49:32,313 INFO  [Log] test_GlossaryLink: Test Glossary 
2015-05-22 08:49:32,881 INFO  [Log] test_GlossaryLink: Glossary is working fine 
2015-05-22 08:49:32,935 INFO  [Log] --------------test_GlossaryLink DONE------------------ 
2015-05-22 08:49:32,936 INFO  [Log] --------------test_HelpLink START------------------ 
2015-05-22 08:49:32,936 INFO  [Log] test_HelpLink: Test Help button 
2015-05-22 08:49:33,527 INFO  [Log] test_HelpLink: Help working fine 
2015-05-22 08:49:33,567 INFO  [Log] --------------test_HelpLink DONE------------------ 
2015-05-22 08:49:33,579 INFO  [Log] --------------test_Logo START------------------ 
2015-05-22 08:49:33,579 INFO  [Log] test_Logo: Test Logo 
2015-05-22 08:49:33,591 INFO  [Log] test_Logo: Logo Present 
2015-05-22 08:49:33,636 INFO  [Log] --------------test_Logo DONE------------------ 
2015-05-22 08:49:33,637 INFO  [Log] --------------test_Title START------------------ 
2015-05-22 08:49:33,637 INFO  [Log] test_Title: Test Title 
2015-05-22 08:49:33,967 INFO  [Log] test_Title: Title Present: Customer Relationship Management 
2015-05-22 08:49:34,041 INFO  [Log] --------------test_Title DONE------------------ 
2015-05-22 08:49:34,045 INFO  [Log] --------------test_NextPageButton START------------------ 
2015-05-22 08:49:34,045 INFO  [Log] test_NextPageButton: Clicking Next Button 
2015-05-22 08:49:34,091 INFO  [Log] test_PreviousPageButton: Element Present 
2015-05-22 08:49:34,308 INFO  [Log] test_NextPageButton: Clicking Next Button 
2015-05-22 08:49:34,542 INFO  [Log] test_NextPageButton: Clicking Next Button 
2015-05-22 08:49:34,774 INFO  [Log] test_NextPageButton: Clicking Next Button 
2015-05-22 08:49:34,997 INFO  [Log] test_NextPageButton: Clicking Next Button 
2015-05-22 08:49:35,168 INFO  [Log] test_NextPageButton: Clicking Next Button 
2015-05-22 08:49:35,393 INFO  [Log] test_NextPageButton: Clicking Next Button 
2015-05-22 08:49:35,617 INFO  [Log] test_NextPageButton: Clicking Next Button 
2015-05-22 08:49:35,839 INFO  [Log] test_NextPageButton: Clicking Next Button 
2015-05-22 08:49:36,064 INFO  [Log] test_NextPageButton: Clicking Next Button 
2015-05-22 08:49:36,288 INFO  [Log] test_NextPageButton: Clicking Next Button 
2015-05-22 08:49:36,496 INFO  [Log] --------------test_NextPageButton DONE------------------ 
2015-05-22 08:49:36,497 INFO  [Log] --------------test_PreviousPageButton START------------------ 
2015-05-22 08:49:36,592 INFO  [Log] test_PreviousPageButton: Element present 
2015-05-22 08:49:36,592 INFO  [Log] test_PreviousPageButton: Clicking Next Previous Button 
2015-05-22 08:49:36,799 INFO  [Log] test_PreviousPageButton: Clicking Next Previous Button 
2015-05-22 08:49:37,021 INFO  [Log] test_PreviousPageButton: Clicking Next Previous Button 
2015-05-22 08:49:37,244 INFO  [Log] test_PreviousPageButton: Clicking Next Previous Button 
2015-05-22 08:49:37,469 INFO  [Log] test_PreviousPageButton: Clicking Next Previous Button 
2015-05-22 08:49:37,694 INFO  [Log] test_PreviousPageButton: Clicking Next Previous Button 
2015-05-22 08:49:37,916 INFO  [Log] test_PreviousPageButton: Clicking Next Previous Button 
2015-05-22 08:49:38,139 INFO  [Log] test_PreviousPageButton: Clicking Next Previous Button 
2015-05-22 08:49:38,363 INFO  [Log] test_PreviousPageButton: Clicking Next Previous Button 
2015-05-22 08:49:38,585 INFO  [Log] test_PreviousPageButton: Clicking Next Previous Button 
2015-05-22 08:49:38,808 INFO  [Log] test_PreviousPageButton: Clicking Next Previous Button 
2015-05-22 08:49:39,015 INFO  [Log] --------------test_PreviousPageButton DONE------------------ 
2015-05-22 08:49:39,016 INFO  [Log] --------------test_RefreshPageButton START------------------ 
2015-05-22 08:49:39,161 INFO  [Log] test_RefreshPageButton: Element present 
2015-05-22 08:49:39,161 INFO  [Log] test_RefreshPageButton: Clicking Refresh Button 
2015-05-22 08:49:39,398 INFO  [Log] test_RefreshPageButton: Page Refreshed  
2015-05-22 08:49:39,398 INFO  [Log] --------------test_RefreshPageButton DONE------------------ 
2015-05-22 08:49:39,402 INFO  [Log] --------------test_CapabilitiesOfCRM START------------------ 
2015-05-22 08:49:39,402 INFO  [Log] test_CapabilitiesOfCRM: Clicking on Capabilities of CRM button 
2015-05-22 08:49:39,453 INFO  [Log] Capabilities_of_CRM: Element Present 
2015-05-22 08:49:39,692 INFO  [Log] ---------------Validating CSS-------------- 
2015-05-22 08:49:39,729 INFO  [Log] CSS Validation: Color code PASS 
2015-05-22 08:49:39,781 INFO  [Log] CSS Validation: display PASS 
2015-05-22 08:49:39,833 INFO  [Log] CSS Validation: font-size PASS 
2015-05-22 08:49:39,884 INFO  [Log] CSS Validation: height PASS 
2015-05-22 08:49:39,935 INFO  [Log] CSS Validation: width PASS 
2015-05-22 08:49:39,986 INFO  [Log] CSS Validation: cursor PASS 
2015-05-22 08:49:40,038 INFO  [Log] CSS Validation: text-decoration PASS 
2015-05-22 08:49:40,092 INFO  [Log] CSS Validation: font-family PASS 
2015-05-22 08:49:40,143 INFO  [Log] CSS Validation: font-style PASS 
2015-05-22 08:49:40,193 INFO  [Log] CSS Validation: font-weight PASS 
2015-05-22 08:49:40,193 INFO  [Log] ---------------CSS Validation Completed -------------- 
2015-05-22 08:49:40,193 INFO  [Log] test_CapabilitiesOfCRM: Switch Frame 
2015-05-22 08:49:40,488 INFO  [Log] Clicking on 1st image 
2015-05-22 08:49:43,156 INFO  [Log] test_CapabilitiesOfCRM: Clicking on 2nd image 
2015-05-22 08:49:43,624 INFO  [Log] test_CapabilitiesOfCRM: Clicking on 3rd image 
2015-05-22 08:49:44,099 INFO  [Log] test_CapabilitiesOfCRM: Clicking on 4th image 
2015-05-22 08:49:44,538 INFO  [Log] test_CapabilitiesOfCRM: Switch to Default Frame 
2015-05-22 08:49:44,610 INFO  [Log] --------------test_CapabilitiesOfCRM DONE------------------ 
2015-05-22 08:49:44,611 INFO  [Log] --------------test_FrontEndAndBackendFunctions START------------------ 
2015-05-22 08:49:44,611 INFO  [Log] test_FrontEndAndBackendFunctions: Clicking on Capabilities of CRM button 
2015-05-22 08:49:44,682 INFO  [Log] test_FrontEndAndBackendFunctions: Element Present 
2015-05-22 08:49:44,910 INFO  [Log] ---------------Validating CSS-------------- 
2015-05-22 08:49:44,943 INFO  [Log] CSS Validation: Color code PASS 
2015-05-22 08:49:44,992 INFO  [Log] CSS Validation: display PASS 
2015-05-22 08:49:45,043 INFO  [Log] CSS Validation: font-size PASS 
2015-05-22 08:49:45,093 INFO  [Log] CSS Validation: height PASS 
2015-05-22 08:49:45,145 INFO  [Log] CSS Validation: width PASS 
2015-05-22 08:49:45,210 INFO  [Log] CSS Validation: cursor PASS 
2015-05-22 08:49:45,263 INFO  [Log] CSS Validation: text-decoration PASS 
2015-05-22 08:49:45,314 INFO  [Log] CSS Validation: font-family PASS 
2015-05-22 08:49:45,364 INFO  [Log] CSS Validation: font-style PASS 
2015-05-22 08:49:45,414 INFO  [Log] CSS Validation: font-weight PASS 
2015-05-22 08:49:45,415 INFO  [Log] ---------------CSS Validation Completed -------------- 
2015-05-22 08:49:45,415 INFO  [Log] test_FrontEndAndBackendFunctions: Switch Frame 
2015-05-22 08:49:45,492 INFO  [Log] test_FrontEndAndBackendFunctions: Validating image present or not 
2015-05-22 08:49:47,302 INFO  [Log] test_FrontEndAndBackendFunctions: Validating present 
2015-05-22 08:49:47,303 INFO  [Log] test_FrontEndAndBackendFunctions: Switch to Default Frame 
2015-05-22 08:49:47,374 INFO  [Log] --------------test_FrontEndAndBackendFunctions DONE------------------ 
2015-05-22 08:49:47,375 INFO  [Log] --------------test_PrinciplesOfCRM START------------------ 
2015-05-22 08:49:47,375 INFO  [Log] test_PrinciplesOfCRM: Clicking on Principles of CRM button 
2015-05-22 08:49:47,428 INFO  [Log] test_PrinciplesOfCRM: Element Present 
2015-05-22 08:49:47,481 INFO  [Log] ---------------Validating CSS-------------- 
2015-05-22 08:49:47,518 INFO  [Log] CSS Validation: Color code FAIL 
2015-05-22 08:49:47,518 INFO  [Log] CSS Validation: Color code should be #af5200 
2015-05-22 08:49:47,571 INFO  [Log] CSS Validation: display PASS 
2015-05-22 08:49:47,623 INFO  [Log] CSS Validation: font-size PASS 
2015-05-22 08:49:47,695 INFO  [Log] CSS Validation: height PASS 
2015-05-22 08:49:47,749 INFO  [Log] CSS Validation: width PASS 
2015-05-22 08:49:47,802 INFO  [Log] CSS Validation: cursor FAIL 
2015-05-22 08:49:47,803 INFO  [Log] CSS Validation: cursor should be text 
2015-05-22 08:49:47,852 INFO  [Log] CSS Validation: text-decoration PASS 
2015-05-22 08:49:47,901 INFO  [Log] CSS Validation: font-family PASS 
2015-05-22 08:49:47,953 INFO  [Log] CSS Validation: font-style PASS 
2015-05-22 08:49:48,003 INFO  [Log] CSS Validation: font-weight PASS 
2015-05-22 08:49:48,003 INFO  [Log] ---------------CSS Validation Completed -------------- 
2015-05-22 08:49:48,198 INFO  [Log] test_PrinciplesOfCRM: Switch Frame 
2015-05-22 08:49:49,607 INFO  [Log] Clicking Img 
2015-05-22 08:49:49,821 INFO  [Log] test_PrinciplesOfCRM: Click on resized image 
2015-05-22 08:49:50,303 INFO  [Log] test_PrinciplesOfCRM: Clicking Img 
2015-05-22 08:49:50,543 INFO  [Log] test_PrinciplesOfCRM: Click on resized image 
2015-05-22 08:49:51,008 INFO  [Log] test_PrinciplesOfCRM: Switch to Default Frame 
2015-05-22 08:49:51,083 INFO  [Log] --------------test_PrinciplesOfCRM DONE------------------ 
2015-05-22 08:49:51,084 INFO  [Log] --------------test_eTOMAssessment1 START------------------ 
2015-05-22 08:49:51,084 INFO  [Log] test_eTOMAssessment1: Clicking on 1st Assignment 
2015-05-22 08:49:51,364 INFO  [Log] test_eTOMAssessment1: Element Present 
2015-05-22 08:49:51,621 INFO  [Log] ---------------Validating CSS-------------- 
2015-05-22 08:49:51,665 INFO  [Log] CSS Validation: Color code PASS 
2015-05-22 08:49:51,725 INFO  [Log] CSS Validation: display PASS 
2015-05-22 08:49:51,783 INFO  [Log] CSS Validation: font-size PASS 
2015-05-22 08:49:51,841 INFO  [Log] CSS Validation: height PASS 
2015-05-22 08:49:51,917 INFO  [Log] CSS Validation: width PASS 
2015-05-22 08:49:51,969 INFO  [Log] CSS Validation: cursor PASS 
2015-05-22 08:49:52,027 INFO  [Log] CSS Validation: text-decoration PASS 
2015-05-22 08:49:52,083 INFO  [Log] CSS Validation: font-family PASS 
2015-05-22 08:49:52,137 INFO  [Log] CSS Validation: font-style PASS 
2015-05-22 08:49:52,191 INFO  [Log] CSS Validation: font-weight PASS 
2015-05-22 08:49:52,191 INFO  [Log] ---------------CSS Validation Completed -------------- 
2015-05-22 08:49:52,191 INFO  [Log] test_eTOMAssessment1: Switch Frame 
2015-05-22 08:49:52,267 INFO  [Log] test_eTOMAssessment1: Clicking Submit 
2015-05-22 08:49:55,808 INFO  [Log] test_eTOMAssessment1: Clicking Retry 
2015-05-22 08:49:56,377 INFO  [Log] Moving button 
2015-05-22 08:49:58,527 INFO  [Log] test_eTOMAssessment1: move successfull 
2015-05-22 08:49:58,737 INFO  [Log] Moving button 
2015-05-22 08:50:00,812 INFO  [Log] test_eTOMAssessment1: move successfull 
2015-05-22 08:50:01,036 INFO  [Log] Moving button 
2015-05-22 08:50:03,112 INFO  [Log] test_eTOMAssessment1: move successfull 
2015-05-22 08:50:03,313 INFO  [Log] Moving button 
2015-05-22 08:50:05,416 INFO  [Log] test_eTOMAssessment1: move successfull 
2015-05-22 08:50:05,661 INFO  [Log] test_eTOMAssessment1: Clicking Submit 
2015-05-22 08:50:05,857 INFO  [Log] test_eTOMAssessment1: Switch to Default Frame 
2015-05-22 08:50:06,572 INFO  [Log] --------------test_eTOMAssessment1 DONE------------------ 
2015-05-22 08:50:06,573 INFO  [Log] --------------test_eTOMAssessment2 START------------------ 
2015-05-22 08:50:06,573 INFO  [Log] test_eTOMAssessment2: Clicking on 2nd Assignment 
2015-05-22 08:50:06,629 INFO  [Log] test_eTOMAssessment1: Element Present 
2015-05-22 08:50:06,869 INFO  [Log] ---------------Validating CSS-------------- 
2015-05-22 08:50:06,907 INFO  [Log] CSS Validation: Color code PASS 
2015-05-22 08:50:06,958 INFO  [Log] CSS Validation: display PASS 
2015-05-22 08:50:07,008 INFO  [Log] CSS Validation: font-size PASS 
2015-05-22 08:50:07,079 INFO  [Log] CSS Validation: height PASS 
2015-05-22 08:50:07,150 INFO  [Log] CSS Validation: width PASS 
2015-05-22 08:50:07,201 INFO  [Log] CSS Validation: cursor PASS 
2015-05-22 08:50:07,251 INFO  [Log] CSS Validation: text-decoration PASS 
2015-05-22 08:50:07,302 INFO  [Log] CSS Validation: font-family PASS 
2015-05-22 08:50:07,353 INFO  [Log] CSS Validation: font-style PASS 
2015-05-22 08:50:07,404 INFO  [Log] CSS Validation: font-weight PASS 
2015-05-22 08:50:07,404 INFO  [Log] ---------------CSS Validation Completed -------------- 
2015-05-22 08:50:07,404 INFO  [Log] test_eTOMAssessment2: Switch Frame 
2015-05-22 08:50:07,746 INFO  [Log] test_eTOMAssessment2: Option 2 checked 
2015-05-22 08:50:08,659 INFO  [Log] test_eTOMAssessment2: Option 3 checked 
2015-05-22 08:50:09,161 INFO  [Log] test_eTOMAssessment2: Option 4 checked 
2015-05-22 08:50:09,320 INFO  [Log] test_eTOMAssessment2: Option 5 checked 
2015-05-22 08:50:09,481 INFO  [Log] test_eTOMAssessment2: Option 6 checked 
2015-05-22 08:50:09,839 INFO  [Log] test_eTOMAssessment2: Option 2 unchecked 
2015-05-22 08:50:09,992 INFO  [Log] test_eTOMAssessment2: Option 3 unchecked 
2015-05-22 08:50:10,147 INFO  [Log] test_eTOMAssessment2: Option 3 unchecked 
2015-05-22 08:50:10,302 INFO  [Log] test_eTOMAssessment2: Option 4 unchecked 
2015-05-22 08:50:10,458 INFO  [Log] test_eTOMAssessment2: Option 5 unchecked 
2015-05-22 08:50:10,819 INFO  [Log] test_eTOMAssessment2: Clicking Submit 
2015-05-22 08:50:10,988 INFO  [Log] test_eTOMAssessment2: Switch to Default Frame 
2015-05-22 08:50:11,241 INFO  [Log] --------------test_eTOMAssessment2 DONE------------------ 
2015-05-22 08:50:11,244 INFO  [Log] --------------testHover START------------------ 
2015-05-22 08:50:11,244 INFO  [Log] testHover: Checking Hover 
2015-05-22 08:50:11,374 INFO  [Log] testHover: Color of element after hover: #af5200 
2015-05-22 08:50:11,660 INFO  [Log] --------------testHover DONE------------------ 
2015-05-22 08:50:11,662 INFO  [Log] --------------test_checkUncheckLeftPanel START------------------ 
2015-05-22 08:50:11,662 INFO  [Log] getting details of visited, unvisited and current item under Left Panel 
2015-05-22 08:50:11,800 INFO  [Log] test_checkUncheckLeftPanel: Principles of CRM : item visited result code:  
2015-05-22 08:50:11,902 INFO  [Log] test_checkUncheckLeftPanel: Capabilities of CRM : item visited result code:  
2015-05-22 08:50:12,009 INFO  [Log] test_checkUncheckLeftPanel: Front-end and Backend functions : item visited result code:  
2015-05-22 08:50:12,115 INFO  [Log] test_checkUncheckLeftPanel: eTOM Assessment 1 : item visited result code:  
2015-05-22 08:50:12,222 INFO  [Log] test_checkUncheckLeftPanel: eTOM Assessment 2 : item selected result code:  
2015-05-22 08:50:12,326 INFO  [Log] test_checkUncheckLeftPanel: CRM process flow : item visited result code:  
2015-05-22 08:50:12,429 INFO  [Log] test_checkUncheckLeftPanel: Order Tracking and real-time checks : item visited result code:  
2015-05-22 08:50:12,533 INFO  [Log] test_checkUncheckLeftPanel: Fulfillment visibility : item visited result code:  
2015-05-22 08:50:12,637 INFO  [Log] test_checkUncheckLeftPanel: Billing Management : item visited result code:  
2015-05-22 08:50:12,740 INFO  [Log] test_checkUncheckLeftPanel: Customer Support : item visited result code:  
2015-05-22 08:50:12,843 INFO  [Log] test_checkUncheckLeftPanel: Role of Workflow : item visited result code:  
2015-05-22 08:50:12,946 INFO  [Log] test_checkUncheckLeftPanel: CRM products and Market : item visited result code:  
2015-05-22 08:50:13,013 INFO  [Log] --------------test_checkUncheckLeftPanel DONE------------------ 
2015-05-22 08:50:13,015 INFO  [Log] Closing the Browser 
2015-05-22 08:50:13,139 INFO  [Log] XXXXXXXXXXXXXXXXXXXXXXX             -E---N---D-             XXXXXXXXXXXXXXXXXXXXXX 
2015-05-22 11:19:32,319 INFO  [Log] **************************************************************************************** 
2015-05-22 11:19:32,320 INFO  [Log] $$$$$$$$$$$$$$$$$$$$$                 EtiamWorldTesting       $$$$$$$$$$$$$$$$$$$$$$$$$ 
2015-05-22 11:19:32,320 INFO  [Log] **************************************************************************************** 
2015-05-22 11:19:32,320 INFO  [Log] Loading config properties file 
2015-05-22 11:19:32,320 INFO  [Log] New driver instantiated 
2015-05-22 11:19:52,236 INFO  [Log] Launching Browser 
2015-05-22 11:19:52,236 INFO  [Log] Opening URL 
2015-05-22 11:19:59,122 INFO  [Log] Maximizing Browser 
2015-05-22 11:20:00,116 INFO  [Log] --------------test_DownloadPDF START------------------ 
2015-05-22 11:20:00,116 INFO  [Log] test_DownloadPDF: DownloadPDF 
2015-05-22 11:20:00,286 INFO  [Log] test_DownloadPDF: Working Fine 
2015-05-22 11:20:00,824 INFO  [Log] --------------test_DownloadPDF DONE------------------ 
2015-05-22 11:20:00,826 INFO  [Log] --------------test_ExitCourseButton START------------------ 
2015-05-22 11:20:00,826 INFO  [Log] test_ExitCourseButton: Test Close button 
2015-05-22 11:20:02,741 INFO  [Log] test_ExitCourseButton: Close working Fine 
2015-05-22 11:20:02,741 INFO  [Log] --------------test_ExitCourseButton DONE------------------ 
2015-05-22 11:20:02,742 INFO  [Log] --------------test_GlossaryLink START------------------ 
2015-05-22 11:20:02,742 INFO  [Log] test_GlossaryLink: Test Glossary 
2015-05-22 11:20:03,300 INFO  [Log] test_GlossaryLink: Glossary is working fine 
2015-05-22 11:20:03,356 INFO  [Log] --------------test_GlossaryLink DONE------------------ 
2015-05-22 11:20:03,357 INFO  [Log] --------------test_HelpLink START------------------ 
2015-05-22 11:20:03,357 INFO  [Log] test_HelpLink: Test Help button 
2015-05-22 11:20:03,924 INFO  [Log] test_HelpLink: Help working fine 
2015-05-22 11:20:03,969 INFO  [Log] --------------test_HelpLink DONE------------------ 
2015-05-22 11:20:03,985 INFO  [Log] --------------test_Logo START------------------ 
2015-05-22 11:20:03,985 INFO  [Log] test_Logo: Test Logo 
2015-05-22 11:20:03,994 INFO  [Log] test_Logo: Logo Present 
2015-05-22 11:20:04,036 INFO  [Log] --------------test_Logo DONE------------------ 
2015-05-22 11:20:04,038 INFO  [Log] --------------test_Title START------------------ 
2015-05-22 11:20:04,038 INFO  [Log] test_Title: Test Title 
2015-05-22 11:20:04,345 INFO  [Log] test_Title: Title Present: Customer Relationship Management 
2015-05-22 11:20:04,413 INFO  [Log] --------------test_Title DONE------------------ 
2015-05-22 11:20:04,417 INFO  [Log] --------------test_NextPageButton START------------------ 
2015-05-22 11:20:04,417 INFO  [Log] test_NextPageButton: Clicking Next Button 
2015-05-22 11:20:04,460 INFO  [Log] test_PreviousPageButton: Element Present 
2015-05-22 11:20:04,678 INFO  [Log] test_NextPageButton: Clicking Next Button 
2015-05-22 11:20:04,908 INFO  [Log] test_NextPageButton: Clicking Next Button 
2015-05-22 11:20:05,139 INFO  [Log] test_NextPageButton: Clicking Next Button 
2015-05-22 11:20:05,369 INFO  [Log] test_NextPageButton: Clicking Next Button 
2015-05-22 11:20:05,544 INFO  [Log] test_NextPageButton: Clicking Next Button 
2015-05-22 11:20:05,780 INFO  [Log] test_NextPageButton: Clicking Next Button 
2015-05-22 11:20:06,010 INFO  [Log] test_NextPageButton: Clicking Next Button 
2015-05-22 11:20:06,241 INFO  [Log] test_NextPageButton: Clicking Next Button 
2015-05-22 11:20:06,469 INFO  [Log] test_NextPageButton: Clicking Next Button 
2015-05-22 11:20:06,700 INFO  [Log] test_NextPageButton: Clicking Next Button 
2015-05-22 11:20:06,917 INFO  [Log] --------------test_NextPageButton DONE------------------ 
2015-05-22 11:20:06,918 INFO  [Log] --------------test_PreviousPageButton START------------------ 
2015-05-22 11:20:07,015 INFO  [Log] test_PreviousPageButton: Element present 
2015-05-22 11:20:07,015 INFO  [Log] test_PreviousPageButton: Clicking Next Previous Button 
2015-05-22 11:20:07,223 INFO  [Log] test_PreviousPageButton: Clicking Next Previous Button 
2015-05-22 11:20:07,454 INFO  [Log] test_PreviousPageButton: Clicking Next Previous Button 
2015-05-22 11:20:07,686 INFO  [Log] test_PreviousPageButton: Clicking Next Previous Button 
2015-05-22 11:20:07,913 INFO  [Log] test_PreviousPageButton: Clicking Next Previous Button 
2015-05-22 11:20:08,145 INFO  [Log] test_PreviousPageButton: Clicking Next Previous Button 
2015-05-22 11:20:08,378 INFO  [Log] test_PreviousPageButton: Clicking Next Previous Button 
2015-05-22 11:20:08,608 INFO  [Log] test_PreviousPageButton: Clicking Next Previous Button 
2015-05-22 11:20:08,840 INFO  [Log] test_PreviousPageButton: Clicking Next Previous Button 
2015-05-22 11:20:09,091 INFO  [Log] test_PreviousPageButton: Clicking Next Previous Button 
2015-05-22 11:20:09,321 INFO  [Log] test_PreviousPageButton: Clicking Next Previous Button 
2015-05-22 11:20:09,534 INFO  [Log] --------------test_PreviousPageButton DONE------------------ 
2015-05-22 11:20:09,535 INFO  [Log] --------------test_RefreshPageButton START------------------ 
2015-05-22 11:20:09,683 INFO  [Log] test_RefreshPageButton: Element present 
2015-05-22 11:20:09,683 INFO  [Log] test_RefreshPageButton: Clicking Refresh Button 
2015-05-22 11:20:09,928 INFO  [Log] test_RefreshPageButton: Page Refreshed  
2015-05-22 11:20:09,928 INFO  [Log] --------------test_RefreshPageButton DONE------------------ 
2015-05-22 11:20:09,931 INFO  [Log] --------------test_CapabilitiesOfCRM START------------------ 
2015-05-22 11:20:09,931 INFO  [Log] test_CapabilitiesOfCRM: Clicking on Capabilities of CRM button 
2015-05-22 11:20:09,985 INFO  [Log] Capabilities_of_CRM: Element Present 
2015-05-22 11:20:10,233 INFO  [Log] ---------------Validating CSS-------------- 
2015-05-22 11:20:10,272 INFO  [Log] CSS Validation: Color code PASS 
2015-05-22 11:20:10,325 INFO  [Log] CSS Validation: display PASS 
2015-05-22 11:20:10,379 INFO  [Log] CSS Validation: font-size PASS 
2015-05-22 11:20:10,433 INFO  [Log] CSS Validation: height PASS 
2015-05-22 11:20:10,488 INFO  [Log] CSS Validation: width PASS 
2015-05-22 11:20:10,542 INFO  [Log] CSS Validation: cursor PASS 
2015-05-22 11:20:10,598 INFO  [Log] CSS Validation: text-decoration PASS 
2015-05-22 11:20:10,652 INFO  [Log] CSS Validation: font-family PASS 
2015-05-22 11:20:10,704 INFO  [Log] CSS Validation: font-style PASS 
2015-05-22 11:20:10,757 INFO  [Log] CSS Validation: font-weight PASS 
2015-05-22 11:20:10,757 INFO  [Log] ---------------CSS Validation Completed -------------- 
2015-05-22 11:20:10,757 INFO  [Log] test_CapabilitiesOfCRM: Switch Frame 
2015-05-22 11:20:11,049 INFO  [Log] Clicking on 1st image 
2015-05-22 11:20:14,054 INFO  [Log] test_CapabilitiesOfCRM: Clicking on 2nd image 
2015-05-22 11:20:14,494 INFO  [Log] test_CapabilitiesOfCRM: Clicking on 3rd image 
2015-05-22 11:20:14,931 INFO  [Log] test_CapabilitiesOfCRM: Clicking on 4th image 
2015-05-22 11:20:15,384 INFO  [Log] test_CapabilitiesOfCRM: Switch to Default Frame 
2015-05-22 11:20:15,455 INFO  [Log] --------------test_CapabilitiesOfCRM DONE------------------ 
2015-05-22 11:20:15,456 INFO  [Log] --------------test_FrontEndAndBackendFunctions START------------------ 
2015-05-22 11:20:15,456 INFO  [Log] test_FrontEndAndBackendFunctions: Clicking on Capabilities of CRM button 
2015-05-22 11:20:15,511 INFO  [Log] test_FrontEndAndBackendFunctions: Element Present 
2015-05-22 11:20:15,789 INFO  [Log] ---------------Validating CSS-------------- 
2015-05-22 11:20:15,812 INFO  [Log] CSS Validation: Color code PASS 
2015-05-22 11:20:15,868 INFO  [Log] CSS Validation: display PASS 
2015-05-22 11:20:15,920 INFO  [Log] CSS Validation: font-size PASS 
2015-05-22 11:20:15,971 INFO  [Log] CSS Validation: height PASS 
2015-05-22 11:20:16,022 INFO  [Log] CSS Validation: width PASS 
2015-05-22 11:20:16,075 INFO  [Log] CSS Validation: cursor PASS 
2015-05-22 11:20:16,141 INFO  [Log] CSS Validation: text-decoration PASS 
2015-05-22 11:20:16,192 INFO  [Log] CSS Validation: font-family PASS 
2015-05-22 11:20:16,243 INFO  [Log] CSS Validation: font-style PASS 
2015-05-22 11:20:16,295 INFO  [Log] CSS Validation: font-weight PASS 
2015-05-22 11:20:16,295 INFO  [Log] ---------------CSS Validation Completed -------------- 
2015-05-22 11:20:16,295 INFO  [Log] test_FrontEndAndBackendFunctions: Switch Frame 
2015-05-22 11:20:16,370 INFO  [Log] test_FrontEndAndBackendFunctions: Validating image present or not 
2015-05-22 11:20:18,536 INFO  [Log] test_FrontEndAndBackendFunctions: Validating present 
2015-05-22 11:20:18,536 INFO  [Log] test_FrontEndAndBackendFunctions: Switch to Default Frame 
2015-05-22 11:20:18,613 INFO  [Log] --------------test_FrontEndAndBackendFunctions DONE------------------ 
2015-05-22 11:20:18,613 INFO  [Log] --------------test_PrinciplesOfCRM START------------------ 
2015-05-22 11:20:18,613 INFO  [Log] test_PrinciplesOfCRM: Clicking on Principles of CRM button 
2015-05-22 11:20:18,669 INFO  [Log] test_PrinciplesOfCRM: Element Present 
2015-05-22 11:20:18,718 INFO  [Log] ---------------Validating CSS-------------- 
2015-05-22 11:20:18,753 INFO  [Log] CSS Validation: Color code FAIL 
2015-05-22 11:20:18,753 INFO  [Log] CSS Validation: Color code should be #af5200 
2015-05-22 11:20:18,806 INFO  [Log] CSS Validation: display PASS 
2015-05-22 11:20:18,856 INFO  [Log] CSS Validation: font-size PASS 
2015-05-22 11:20:18,907 INFO  [Log] CSS Validation: height PASS 
2015-05-22 11:20:18,961 INFO  [Log] CSS Validation: width PASS 
2015-05-22 11:20:19,015 INFO  [Log] CSS Validation: cursor FAIL 
2015-05-22 11:20:19,016 INFO  [Log] CSS Validation: cursor should be text 
2015-05-22 11:20:19,066 INFO  [Log] CSS Validation: text-decoration PASS 
2015-05-22 11:20:19,117 INFO  [Log] CSS Validation: font-family PASS 
2015-05-22 11:20:19,167 INFO  [Log] CSS Validation: font-style PASS 
2015-05-22 11:20:19,220 INFO  [Log] CSS Validation: font-weight PASS 
2015-05-22 11:20:19,221 INFO  [Log] ---------------CSS Validation Completed -------------- 
2015-05-22 11:20:19,414 INFO  [Log] test_PrinciplesOfCRM: Switch Frame 
2015-05-22 11:20:21,092 INFO  [Log] Clicking Img 
2015-05-22 11:20:21,300 INFO  [Log] test_PrinciplesOfCRM: Click on resized image 
2015-05-22 11:20:21,791 INFO  [Log] test_PrinciplesOfCRM: Clicking Img 
2015-05-22 11:20:22,048 INFO  [Log] test_PrinciplesOfCRM: Click on resized image 
2015-05-22 11:20:22,556 INFO  [Log] test_PrinciplesOfCRM: Switch to Default Frame 
2015-05-22 11:20:22,636 INFO  [Log] --------------test_PrinciplesOfCRM DONE------------------ 
2015-05-22 11:20:22,637 INFO  [Log] --------------test_eTOMAssessment1 START------------------ 
2015-05-22 11:20:22,637 INFO  [Log] test_eTOMAssessment1: Clicking on 1st Assignment 
2015-05-22 11:20:23,435 INFO  [Log] test_eTOMAssessment1: Element Present 
2015-05-22 11:20:23,693 INFO  [Log] ---------------Validating CSS-------------- 
2015-05-22 11:20:23,743 INFO  [Log] CSS Validation: Color code PASS 
2015-05-22 11:20:23,803 INFO  [Log] CSS Validation: display PASS 
2015-05-22 11:20:23,863 INFO  [Log] CSS Validation: font-size PASS 
2015-05-22 11:20:23,920 INFO  [Log] CSS Validation: height PASS 
2015-05-22 11:20:23,978 INFO  [Log] CSS Validation: width PASS 
2015-05-22 11:20:24,061 INFO  [Log] CSS Validation: cursor PASS 
2015-05-22 11:20:24,122 INFO  [Log] CSS Validation: text-decoration PASS 
2015-05-22 11:20:24,180 INFO  [Log] CSS Validation: font-family PASS 
2015-05-22 11:20:24,235 INFO  [Log] CSS Validation: font-style PASS 
2015-05-22 11:20:24,289 INFO  [Log] CSS Validation: font-weight PASS 
2015-05-22 11:20:24,289 INFO  [Log] ---------------CSS Validation Completed -------------- 
2015-05-22 11:20:24,289 INFO  [Log] test_eTOMAssessment1: Switch Frame 
2015-05-22 11:20:24,364 INFO  [Log] test_eTOMAssessment1: Clicking Submit 
2015-05-22 11:20:29,092 INFO  [Log] test_eTOMAssessment1: Clicking Retry 
2015-05-22 11:20:29,751 INFO  [Log] Moving button 
2015-05-22 11:20:31,889 INFO  [Log] test_eTOMAssessment1: move successfull 
2015-05-22 11:20:32,103 INFO  [Log] Moving button 
2015-05-22 11:20:34,202 INFO  [Log] test_eTOMAssessment1: move successfull 
2015-05-22 11:20:34,398 INFO  [Log] Moving button 
2015-05-22 11:20:36,495 INFO  [Log] test_eTOMAssessment1: move successfull 
2015-05-22 11:20:36,691 INFO  [Log] Moving button 
2015-05-22 11:20:38,799 INFO  [Log] test_eTOMAssessment1: move successfull 
2015-05-22 11:20:39,053 INFO  [Log] test_eTOMAssessment1: Clicking Submit 
2015-05-22 11:20:39,245 INFO  [Log] test_eTOMAssessment1: Switch to Default Frame 
2015-05-22 11:20:40,198 INFO  [Log] --------------test_eTOMAssessment1 DONE------------------ 
2015-05-22 11:20:40,199 INFO  [Log] --------------test_eTOMAssessment2 START------------------ 
2015-05-22 11:20:40,199 INFO  [Log] test_eTOMAssessment2: Clicking on 2nd Assignment 
2015-05-22 11:20:40,235 INFO  [Log] test_eTOMAssessment1: Element Present 
2015-05-22 11:20:40,482 INFO  [Log] ---------------Validating CSS-------------- 
2015-05-22 11:20:40,521 INFO  [Log] CSS Validation: Color code PASS 
2015-05-22 11:20:40,574 INFO  [Log] CSS Validation: display PASS 
2015-05-22 11:20:40,627 INFO  [Log] CSS Validation: font-size PASS 
2015-05-22 11:20:40,679 INFO  [Log] CSS Validation: height PASS 
2015-05-22 11:20:40,731 INFO  [Log] CSS Validation: width PASS 
2015-05-22 11:20:40,783 INFO  [Log] CSS Validation: cursor PASS 
2015-05-22 11:20:40,857 INFO  [Log] CSS Validation: text-decoration PASS 
2015-05-22 11:20:40,910 INFO  [Log] CSS Validation: font-family PASS 
2015-05-22 11:20:40,964 INFO  [Log] CSS Validation: font-style PASS 
2015-05-22 11:20:41,017 INFO  [Log] CSS Validation: font-weight PASS 
2015-05-22 11:20:41,017 INFO  [Log] ---------------CSS Validation Completed -------------- 
2015-05-22 11:20:41,017 INFO  [Log] test_eTOMAssessment2: Switch Frame 
2015-05-22 11:20:41,278 INFO  [Log] test_eTOMAssessment2: Option 2 checked 
2015-05-22 11:20:42,852 INFO  [Log] test_eTOMAssessment2: Option 3 checked 
2015-05-22 11:20:43,546 INFO  [Log] test_eTOMAssessment2: Option 4 checked 
2015-05-22 11:20:43,712 INFO  [Log] test_eTOMAssessment2: Option 5 checked 
2015-05-22 11:20:43,875 INFO  [Log] test_eTOMAssessment2: Option 6 checked 
2015-05-22 11:20:44,234 INFO  [Log] test_eTOMAssessment2: Option 2 unchecked 
2015-05-22 11:20:44,394 INFO  [Log] test_eTOMAssessment2: Option 3 unchecked 
2015-05-22 11:20:44,558 INFO  [Log] test_eTOMAssessment2: Option 3 unchecked 
2015-05-22 11:20:44,722 INFO  [Log] test_eTOMAssessment2: Option 4 unchecked 
2015-05-22 11:20:44,885 INFO  [Log] test_eTOMAssessment2: Option 5 unchecked 
2015-05-22 11:20:45,257 INFO  [Log] test_eTOMAssessment2: Clicking Submit 
2015-05-22 11:20:45,435 INFO  [Log] test_eTOMAssessment2: Switch to Default Frame 
2015-05-22 11:20:45,716 INFO  [Log] --------------test_eTOMAssessment2 DONE------------------ 
2015-05-22 11:20:45,720 INFO  [Log] --------------testHover START------------------ 
2015-05-22 11:20:45,720 INFO  [Log] testHover: Checking Hover 
2015-05-22 11:20:45,842 INFO  [Log] testHover: Color of element after hover: #af5200 
2015-05-22 11:20:46,135 INFO  [Log] --------------testHover DONE------------------ 
2015-05-22 11:20:46,138 INFO  [Log] --------------test_checkUncheckLeftPanel START------------------ 
2015-05-22 11:20:46,138 INFO  [Log] getting details of visited, unvisited and current item under Left Panel 
2015-05-22 11:20:46,278 INFO  [Log] test_checkUncheckLeftPanel: Principles of CRM : item visited result code:  
2015-05-22 11:20:46,385 INFO  [Log] test_checkUncheckLeftPanel: Capabilities of CRM : item visited result code:  
2015-05-22 11:20:46,493 INFO  [Log] test_checkUncheckLeftPanel: Front-end and Backend functions : item visited result code:  
2015-05-22 11:20:46,603 INFO  [Log] test_checkUncheckLeftPanel: eTOM Assessment 1 : item visited result code:  
2015-05-22 11:20:46,711 INFO  [Log] test_checkUncheckLeftPanel: eTOM Assessment 2 : item selected result code:  
2015-05-22 11:20:46,819 INFO  [Log] test_checkUncheckLeftPanel: CRM process flow : item visited result code:  
2015-05-22 11:20:46,925 INFO  [Log] test_checkUncheckLeftPanel: Order Tracking and real-time checks : item visited result code:  
2015-05-22 11:20:47,034 INFO  [Log] test_checkUncheckLeftPanel: Fulfillment visibility : item visited result code:  
2015-05-22 11:20:47,143 INFO  [Log] test_checkUncheckLeftPanel: Billing Management : item visited result code:  
2015-05-22 11:20:47,250 INFO  [Log] test_checkUncheckLeftPanel: Customer Support : item visited result code:  
2015-05-22 11:20:47,358 INFO  [Log] test_checkUncheckLeftPanel: Role of Workflow : item visited result code:  
2015-05-22 11:20:47,465 INFO  [Log] test_checkUncheckLeftPanel: CRM products and Market : item visited result code:  
2015-05-22 11:20:47,534 INFO  [Log] --------------test_checkUncheckLeftPanel DONE------------------ 
2015-05-22 11:20:47,536 INFO  [Log] Closing the Browser 
2015-05-22 11:20:47,663 INFO  [Log] XXXXXXXXXXXXXXXXXXXXXXX             -E---N---D-             XXXXXXXXXXXXXXXXXXXXXX 
2015-06-02 07:37:00,534 INFO  [Log] **************************************************************************************** 
2015-06-02 07:37:00,534 INFO  [Log] $$$$$$$$$$$$$$$$$$$$$                 EtiamWorldTesting       $$$$$$$$$$$$$$$$$$$$$$$$$ 
2015-06-02 07:37:00,534 INFO  [Log] **************************************************************************************** 
2015-06-02 07:37:00,534 INFO  [Log] Loading config properties file 
2015-06-02 07:37:00,534 INFO  [Log] New driver instantiated 
2015-06-02 07:37:13,702 INFO  [Log] Launching Browser 
2015-06-02 07:37:13,702 INFO  [Log] Opening URL 
2015-06-02 07:37:19,287 INFO  [Log] Maximizing Browser 
2015-06-02 07:37:20,208 INFO  [Log] --------------test_Logo START------------------ 
2015-06-02 07:37:20,208 INFO  [Log] test_Logo: Test Logo 
2015-06-02 07:37:20,270 INFO  [Log] test_Logo: Logo Present 
2015-06-02 07:37:21,237 INFO  [Log] --------------test_Logo DONE------------------ 
2015-06-02 07:37:21,237 INFO  [Log] --------------test_Title START------------------ 
2015-06-02 07:37:21,237 INFO  [Log] test_Title: Test Title 
2015-06-02 07:37:22,331 INFO  [Log] test_Title: Title Present: Customer Relationship Management 
2015-06-02 07:37:22,510 INFO  [Log] --------------test_Title DONE------------------ 
2015-06-02 07:37:22,541 INFO  [Log] Closing the Browser 
2015-06-02 07:37:22,632 INFO  [Log] XXXXXXXXXXXXXXXXXXXXXXX             -E---N---D-             XXXXXXXXXXXXXXXXXXXXXX 
2015-06-02 07:41:39,297 INFO  [Log] **************************************************************************************** 
2015-06-02 07:41:39,297 INFO  [Log] $$$$$$$$$$$$$$$$$$$$$                 EtiamWorldTesting       $$$$$$$$$$$$$$$$$$$$$$$$$ 
2015-06-02 07:41:39,297 INFO  [Log] **************************************************************************************** 
2015-06-02 07:41:39,297 INFO  [Log] Loading config properties file 
2015-06-02 07:41:39,297 INFO  [Log] New driver instantiated 
2015-06-02 07:41:51,023 INFO  [Log] Launching Browser 
2015-06-02 07:41:51,023 INFO  [Log] Opening URL 
2015-06-02 07:41:55,046 INFO  [Log] Maximizing Browser 
2015-06-02 07:41:56,465 INFO  [Log] --------------test_Logo START------------------ 
2015-06-02 07:41:56,465 INFO  [Log] test_Logo: Test Logo 
2015-06-02 07:41:57,142 INFO  [Log] test_Logo: Logo Present 
2015-06-02 07:41:57,697 INFO  [Log] --------------test_Logo DONE------------------ 
2015-06-02 07:41:57,698 INFO  [Log] --------------test_Title START------------------ 
2015-06-02 07:41:57,698 INFO  [Log] test_Title: Test Title 
2015-06-02 07:41:57,947 INFO  [Log] test_Title: Title Present: Customer Relationship Management 
2015-06-02 07:41:58,120 INFO  [Log] --------------test_Title DONE------------------ 
2015-06-02 07:41:58,130 INFO  [Log] Closing the Browser 
2015-06-02 07:41:58,217 INFO  [Log] XXXXXXXXXXXXXXXXXXXXXXX             -E---N---D-             XXXXXXXXXXXXXXXXXXXXXX 
2015-06-02 08:46:48,946 INFO  [Log] **************************************************************************************** 
2015-06-02 08:46:48,947 INFO  [Log] $$$$$$$$$$$$$$$$$$$$$                 EtiamWorldTesting       $$$$$$$$$$$$$$$$$$$$$$$$$ 
2015-06-02 08:46:48,947 INFO  [Log] **************************************************************************************** 
2015-06-02 08:46:48,947 INFO  [Log] Loading config properties file 
2015-06-02 08:46:48,947 INFO  [Log] New driver instantiated 
2015-06-02 08:47:01,369 INFO  [Log] Launching Browser 
2015-06-02 08:47:01,369 INFO  [Log] Opening URL 
2015-06-02 08:47:05,927 INFO  [Log] Maximizing Browser 
2015-06-02 08:47:06,853 INFO  [Log] --------------test_Logo START------------------ 
2015-06-02 08:47:06,853 INFO  [Log] test_Logo: Test Logo 
2015-06-02 08:47:06,937 INFO  [Log] test_Logo: Logo Present 
2015-06-02 08:47:07,471 INFO  [Log] --------------test_Logo DONE------------------ 
2015-06-02 08:47:07,472 INFO  [Log] --------------test_Title START------------------ 
2015-06-02 08:47:07,472 INFO  [Log] test_Title: Test Title 
2015-06-02 08:47:07,709 INFO  [Log] test_Title: Title Present: Customer Relationship Management 
2015-06-02 08:47:07,891 INFO  [Log] --------------test_Title DONE------------------ 
2015-06-02 08:47:07,902 INFO  [Log] Closing the Browser 
2015-06-02 08:47:08,039 INFO  [Log] XXXXXXXXXXXXXXXXXXXXXXX             -E---N---D-             XXXXXXXXXXXXXXXXXXXXXX 
2015-06-03 07:51:28,437 INFO  [Log] **************************************************************************************** 
2015-06-03 07:51:28,453 INFO  [Log] $$$$$$$$$$$$$$$$$$$$$                 EtiamWorldTesting       $$$$$$$$$$$$$$$$$$$$$$$$$ 
2015-06-03 07:51:28,453 INFO  [Log] **************************************************************************************** 
2015-06-03 07:51:28,453 INFO  [Log] Loading config properties file 
2015-06-03 07:51:28,453 INFO  [Log] New driver instantiated 
2015-06-03 07:51:40,654 INFO  [Log] Launching Browser 
2015-06-03 07:51:40,654 INFO  [Log] Opening URL 
2015-06-03 07:51:46,021 INFO  [Log] Maximizing Browser 
2015-06-03 07:51:46,910 INFO  [Log] --------------test_Logo START------------------ 
2015-06-03 07:51:46,910 INFO  [Log] test_Logo: Test Logo 
2015-06-03 07:51:47,003 INFO  [Log] test_Logo: Logo Present 
2015-06-03 07:51:47,612 INFO  [Log] --------------test_Logo DONE------------------ 
2015-06-03 07:51:47,612 INFO  [Log] --------------test_Title START------------------ 
2015-06-03 07:51:47,612 INFO  [Log] test_Title: Test Title 
2015-06-03 07:51:48,633 INFO  [Log] test_Title: Title Present: Customer Relationship Management 
2015-06-03 07:51:48,815 INFO  [Log] --------------test_Title DONE------------------ 
2015-06-03 07:51:48,846 INFO  [Log] Closing the Browser 
2015-06-03 07:51:48,949 INFO  [Log] XXXXXXXXXXXXXXXXXXXXXXX             -E---N---D-             XXXXXXXXXXXXXXXXXXXXXX 
2015-06-03 07:52:57,684 INFO  [Log] **************************************************************************************** 
2015-06-03 07:52:57,684 INFO  [Log] $$$$$$$$$$$$$$$$$$$$$                 EtiamWorldTesting       $$$$$$$$$$$$$$$$$$$$$$$$$ 
2015-06-03 07:52:57,684 INFO  [Log] **************************************************************************************** 
2015-06-03 07:52:57,684 INFO  [Log] Loading config properties file 
2015-06-03 07:52:57,684 INFO  [Log] New driver instantiated 
2015-06-03 07:53:08,482 INFO  [Log] Launching Browser 
2015-06-03 07:53:08,482 INFO  [Log] Opening URL 
2015-06-03 07:53:12,319 INFO  [Log] Maximizing Browser 
2015-06-03 07:53:13,099 INFO  [Log] --------------test_Logo START------------------ 
2015-06-03 07:53:13,099 INFO  [Log] test_Logo: Test Logo 
2015-06-03 07:53:13,193 INFO  [Log] test_Logo: Logo Present 
2015-06-03 07:53:13,708 INFO  [Log] --------------test_Logo DONE------------------ 
2015-06-03 07:53:13,708 INFO  [Log] --------------test_Title START------------------ 
2015-06-03 07:53:13,708 INFO  [Log] test_Title: Test Title 
2015-06-03 07:53:14,452 INFO  [Log] test_Title: Title Present: Customer Relationship Management 
2015-06-03 07:53:14,625 INFO  [Log] --------------test_Title DONE------------------ 
2015-06-03 07:53:14,637 INFO  [Log] Closing the Browser 
2015-06-03 07:53:14,748 INFO  [Log] XXXXXXXXXXXXXXXXXXXXXXX             -E---N---D-             XXXXXXXXXXXXXXXXXXXXXX 
2015-06-03 07:54:03,359 INFO  [Log] **************************************************************************************** 
2015-06-03 07:54:03,359 INFO  [Log] $$$$$$$$$$$$$$$$$$$$$                 EtiamWorldTesting       $$$$$$$$$$$$$$$$$$$$$$$$$ 
2015-06-03 07:54:03,359 INFO  [Log] **************************************************************************************** 
2015-06-03 07:54:03,359 INFO  [Log] Loading config properties file 
2015-06-03 07:54:03,359 INFO  [Log] New driver instantiated 
2015-06-03 07:54:14,406 INFO  [Log] Launching Browser 
2015-06-03 07:54:14,406 INFO  [Log] Opening URL 
2015-06-03 07:54:18,213 INFO  [Log] Maximizing Browser 
2015-06-03 07:54:18,961 INFO  [Log] --------------test_Logo START------------------ 
2015-06-03 07:54:18,961 INFO  [Log] test_Logo: Test Logo 
2015-06-03 07:54:19,055 INFO  [Log] test_Logo: Logo Present 
2015-06-03 07:54:19,570 INFO  [Log] --------------test_Logo DONE------------------ 
2015-06-03 07:54:19,570 INFO  [Log] --------------test_Title START------------------ 
2015-06-03 07:54:19,570 INFO  [Log] test_Title: Test Title 
2015-06-03 07:54:20,452 INFO  [Log] test_Title: Title Present: Customer Relationship Management 
2015-06-03 07:54:20,642 INFO  [Log] --------------test_Title DONE------------------ 
2015-06-03 07:54:20,655 INFO  [Log] Closing the Browser 
2015-06-03 07:54:20,748 INFO  [Log] XXXXXXXXXXXXXXXXXXXXXXX             -E---N---D-             XXXXXXXXXXXXXXXXXXXXXX 
2015-06-04 08:52:43,999 INFO  [Log] **************************************************************************************** 
2015-06-04 08:52:44,014 INFO  [Log] $$$$$$$$$$$$$$$$$$$$$                 EtiamWorldTesting       $$$$$$$$$$$$$$$$$$$$$$$$$ 
2015-06-04 08:52:44,014 INFO  [Log] **************************************************************************************** 
2015-06-04 08:52:44,014 INFO  [Log] Loading config properties file 
2015-06-04 08:52:44,014 INFO  [Log] New driver instantiated 
2015-06-04 08:52:55,716 INFO  [Log] Launching Browser 
2015-06-04 08:52:55,716 INFO  [Log] Opening URL 
2015-06-04 08:53:00,786 INFO  [Log] Maximizing Browser 
2015-06-04 08:53:01,660 INFO  [Log] --------------test_Logo START------------------ 
2015-06-04 08:53:01,660 INFO  [Log] test_Logo: Test Logo 
2015-06-04 08:53:01,754 INFO  [Log] test_Logo: Logo Present 
2015-06-04 08:53:02,503 INFO  [Log] --------------test_Logo DONE------------------ 
2015-06-04 08:53:02,534 INFO  [Log] --------------test_Title START------------------ 
2015-06-04 08:53:02,534 INFO  [Log] test_Title: Test Title 
2015-06-04 08:53:03,683 INFO  [Log] test_Title: Title Present: Customer Relationship Management 
2015-06-04 08:53:03,862 INFO  [Log] --------------test_Title DONE------------------ 
2015-06-04 08:53:41,806 INFO  [Log] Closing the Browser 
2015-06-04 08:53:41,899 INFO  [Log] XXXXXXXXXXXXXXXXXXXXXXX             -E---N---D-             XXXXXXXXXXXXXXXXXXXXXX 
2015-06-12 11:53:52,143 INFO  [Log] **************************************************************************************** 
2015-06-12 11:53:52,143 INFO  [Log] $$$$$$$$$$$$$$$$$$$$$                 EtiamWorldTesting       $$$$$$$$$$$$$$$$$$$$$$$$$ 
2015-06-12 11:53:52,143 INFO  [Log] **************************************************************************************** 
2015-06-12 11:53:52,143 INFO  [Log] Loading config properties file 
2015-06-12 11:53:52,143 INFO  [Log] New driver instantiated 
2015-06-12 11:54:06,045 INFO  [Log] Launching Browser 
2015-06-12 11:54:06,045 INFO  [Log] Opening URL 
2015-06-12 11:54:15,165 INFO  [Log] Maximizing Browser 
2015-06-12 11:54:16,155 INFO  [Log] --------------test_Logo START------------------ 
2015-06-12 11:54:16,155 INFO  [Log] test_Logo: Test Logo 
2015-06-12 11:54:16,205 INFO  [Log] test_Logo: Logo Present 
2015-06-12 11:54:17,125 INFO  [Log] --------------test_Logo DONE------------------ 
2015-06-12 11:54:17,125 INFO  [Log] --------------test_Title START------------------ 
2015-06-12 11:54:17,125 INFO  [Log] test_Title: Test Title 
2015-06-12 11:54:17,355 INFO  [Log] test_Title: Title Present: Customer Relationship Management 
2015-06-12 11:54:17,525 INFO  [Log] --------------test_Title DONE------------------ 
2015-06-12 11:54:17,573 INFO  [Log] Closing the Browser 
2015-06-12 11:54:17,697 INFO  [Log] XXXXXXXXXXXXXXXXXXXXXXX             -E---N---D-             XXXXXXXXXXXXXXXXXXXXXX 
2015-06-15 08:51:41,803 INFO  [Log] **************************************************************************************** 
2015-06-15 08:51:41,803 INFO  [Log] $$$$$$$$$$$$$$$$$$$$$                 EtiamWorldTesting       $$$$$$$$$$$$$$$$$$$$$$$$$ 
2015-06-15 08:51:41,803 INFO  [Log] **************************************************************************************** 
2015-06-15 08:51:41,803 INFO  [Log] Loading config properties file 
2015-06-15 08:51:41,803 INFO  [Log] New driver instantiated 
2015-06-15 08:51:46,484 INFO  [Log] Launching Browser 
2015-06-15 08:51:46,484 INFO  [Log] Opening URL 
2015-06-15 08:51:53,486 INFO  [Log] Maximizing Browser 
2015-06-15 08:51:54,484 INFO  [Log] --------------test_Logo START------------------ 
2015-06-15 08:51:54,484 INFO  [Log] test_Logo: Test Logo 
2015-06-15 08:51:54,547 INFO  [Log] test_Logo: Logo Present 
2015-06-15 08:51:55,249 INFO  [Log] --------------test_Logo DONE------------------ 
2015-06-15 08:51:55,249 INFO  [Log] --------------test_Title START------------------ 
2015-06-15 08:51:55,249 INFO  [Log] test_Title: Test Title 
2015-06-15 08:51:56,503 INFO  [Log] test_Title: Title Present: Customer Relationship Management 
2015-06-15 08:51:56,679 INFO  [Log] --------------test_Title DONE------------------ 
2015-06-15 08:51:56,706 INFO  [Log] Closing the Browser 
2015-06-15 08:51:56,794 INFO  [Log] XXXXXXXXXXXXXXXXXXXXXXX             -E---N---D-             XXXXXXXXXXXXXXXXXXXXXX 
2015-06-15 08:53:08,113 INFO  [Log] **************************************************************************************** 
2015-06-15 08:53:08,113 INFO  [Log] $$$$$$$$$$$$$$$$$$$$$                 EtiamWorldTesting       $$$$$$$$$$$$$$$$$$$$$$$$$ 
2015-06-15 08:53:08,113 INFO  [Log] **************************************************************************************** 
2015-06-15 08:53:08,113 INFO  [Log] Loading config properties file 
2015-06-15 08:53:08,113 INFO  [Log] New driver instantiated 
2015-06-15 08:53:32,242 INFO  [Log] Launching Browser 
2015-06-15 08:53:32,242 INFO  [Log] Opening URL 
2015-06-15 08:53:45,019 INFO  [Log] Maximizing Browser 
2015-06-15 08:53:45,844 INFO  [Log] --------------test_Logo START------------------ 
2015-06-15 08:53:45,844 INFO  [Log] test_Logo: Test Logo 
2015-06-15 08:53:45,928 INFO  [Log] test_Logo: Logo Present 
2015-06-15 08:53:46,506 INFO  [Log] --------------test_Logo DONE------------------ 
2015-06-15 08:53:46,522 INFO  [Log] --------------test_Title START------------------ 
2015-06-15 08:53:46,522 INFO  [Log] test_Title: Test Title 
2015-06-15 08:53:46,771 INFO  [Log] test_Title: Title Present: Customer Relationship Management 
2015-06-15 08:53:46,947 INFO  [Log] --------------test_Title DONE------------------ 
2015-06-15 08:53:47,029 INFO  [Log] Closing the Browser 
2015-06-15 08:53:47,182 INFO  [Log] XXXXXXXXXXXXXXXXXXXXXXX             -E---N---D-             XXXXXXXXXXXXXXXXXXXXXX 
2015-06-15 08:54:42,287 INFO  [Log] **************************************************************************************** 
2015-06-15 08:54:42,287 INFO  [Log] $$$$$$$$$$$$$$$$$$$$$                 EtiamWorldTesting       $$$$$$$$$$$$$$$$$$$$$$$$$ 
2015-06-15 08:54:42,287 INFO  [Log] **************************************************************************************** 
2015-06-15 08:54:42,287 INFO  [Log] Loading config properties file 
2015-06-15 08:54:42,287 INFO  [Log] New driver instantiated 
2015-06-15 08:54:53,100 INFO  [Log] Launching Browser 
2015-06-15 08:54:53,100 INFO  [Log] Opening URL 
2015-06-15 08:54:57,530 INFO  [Log] Maximizing Browser 
2015-06-15 08:54:58,420 INFO  [Log] --------------test_Logo START------------------ 
2015-06-15 08:54:58,420 INFO  [Log] test_Logo: Test Logo 
2015-06-15 08:54:58,499 INFO  [Log] test_Logo: Logo Present 
2015-06-15 08:54:59,013 INFO  [Log] --------------test_Logo DONE------------------ 
2015-06-15 08:54:59,029 INFO  [Log] --------------test_Title START------------------ 
2015-06-15 08:54:59,029 INFO  [Log] test_Title: Test Title 
2015-06-15 08:55:00,049 INFO  [Log] test_Title: Title Present: Customer Relationship Management 
2015-06-15 08:55:00,233 INFO  [Log] --------------test_Title DONE------------------ 
2015-06-15 08:55:00,246 INFO  [Log] Closing the Browser 
2015-06-15 08:55:00,346 INFO  [Log] XXXXXXXXXXXXXXXXXXXXXXX             -E---N---D-             XXXXXXXXXXXXXXXXXXXXXX 
2015-06-15 08:56:47,051 INFO  [Log] **************************************************************************************** 
2015-06-15 08:56:47,051 INFO  [Log] $$$$$$$$$$$$$$$$$$$$$                 EtiamWorldTesting       $$$$$$$$$$$$$$$$$$$$$$$$$ 
2015-06-15 08:56:47,051 INFO  [Log] **************************************************************************************** 
2015-06-15 08:56:47,051 INFO  [Log] Loading config properties file 
2015-06-15 08:56:47,051 INFO  [Log] New driver instantiated 
2015-06-15 08:56:58,222 INFO  [Log] Launching Browser 
2015-06-15 08:56:58,222 INFO  [Log] Opening URL 
2015-06-15 08:57:02,700 INFO  [Log] Maximizing Browser 
2015-06-15 08:57:03,526 INFO  [Log] --------------test_Logo START------------------ 
2015-06-15 08:57:03,526 INFO  [Log] test_Logo: Test Logo 
2015-06-15 08:57:03,605 INFO  [Log] test_Logo: Logo Present 
2015-06-15 08:57:04,120 INFO  [Log] --------------test_Logo DONE------------------ 
2015-06-15 08:57:04,136 INFO  [Log] --------------test_Title START------------------ 
2015-06-15 08:57:04,136 INFO  [Log] test_Title: Test Title 
2015-06-15 08:57:05,024 INFO  [Log] test_Title: Title Present: Customer Relationship Management 
2015-06-15 08:57:05,198 INFO  [Log] --------------test_Title DONE------------------ 
2015-06-15 08:57:05,213 INFO  [Log] Closing the Browser 
2015-06-15 08:57:05,333 INFO  [Log] XXXXXXXXXXXXXXXXXXXXXXX             -E---N---D-             XXXXXXXXXXXXXXXXXXXXXX 
